<?xml version="1.0" encoding="UTF-8"?>
<!-- Generated by org.testng.reporters.JUnitReportReporter -->
<testsuite skipped="0" hostname="DESKTOP-3R73L8V" name="fakeAPITestcases.Post_Request" tests="1" failures="0" timestamp="2020-11-09T08:13:55 IST" time="5.934" errors="0">
  <testcase name="postUser" time="5.934" classname="fakeAPITestcases.Post_Request"/>
  <system-out/>
</testsuite> <!-- fakeAPITestcases.Post_Request -->
