<?xml version="1.0" encoding="UTF-8"?>
<!-- Generated by org.testng.reporters.JUnitReportReporter -->
<testsuite skipped="0" hostname="DESKTOP-3R73L8V" name="responsevalidations.XMLValidations" tests="2" failures="0" timestamp="2020-11-11T07:41:45 IST" time="6.591" errors="0">
  <testcase name="testUsingnXpath2" time="6.172" classname="responsevalidations.XMLValidations"/>
  <system-out/>
  <testcase name="testUsinnXpath" time="0.419" classname="responsevalidations.XMLValidations"/>
  <system-out/>
</testsuite> <!-- responsevalidations.XMLValidations -->
