<?xml version="1.0" encoding="UTF-8"?>
<!-- Generated by org.testng.reporters.JUnitReportReporter -->
<testsuite skipped="0" hostname="DESKTOP-3R73L8V" name="fakeAPITestcases.Delete_Request" tests="1" failures="0" timestamp="2020-11-09T08:14:18 IST" time="2.990" errors="0">
  <testcase name="getSingleUserData" time="2.990" classname="fakeAPITestcases.Delete_Request"/>
  <system-out/>
</testsuite> <!-- fakeAPITestcases.Delete_Request -->
