<?xml version="1.0" encoding="UTF-8"?>
<!-- Generated by org.testng.reporters.JUnitReportReporter -->
<testsuite skipped="0" hostname="DESKTOP-3R73L8V" name="headersandcookies.ValidateCookies" tests="1" failures="0" timestamp="2020-11-12T07:12:00 IST" time="4.225" errors="0">
  <testcase name="testCookies" time="4.225" classname="headersandcookies.ValidateCookies"/>
  <system-out/>
</testsuite> <!-- headersandcookies.ValidateCookies -->
