<?xml version="1.0" encoding="UTF-8"?>
<!-- Generated by org.testng.reporters.JUnitReportReporter -->
<testsuite skipped="0" hostname="DESKTOP-3R73L8V" name="headersandcookies.Authentications" tests="1" failures="0" timestamp="2020-11-12T07:40:44 IST" time="11.172" errors="0">
  <testcase name="testBearerTokenAuthentication" time="11.172" classname="headersandcookies.Authentications"/>
  <system-out/>
</testsuite> <!-- headersandcookies.Authentications -->
