<?xml version="1.0" encoding="UTF-8"?>
<!-- Generated by org.testng.reporters.JUnitReportReporter -->
<testsuite skipped="0" hostname="DESKTOP-3R73L8V" name="headers.ValidateHeaders" tests="1" failures="0" timestamp="2020-11-12T06:55:44 IST" time="3.354" errors="0">
  <testcase name="testHeaders" time="3.354" classname="headers.ValidateHeaders"/>
  <system-out/>
</testsuite> <!-- headers.ValidateHeaders -->
