<?xml version="1.0" encoding="UTF-8"?>
<!-- Generated by org.testng.reporters.JUnitReportReporter -->
<testsuite skipped="0" hostname="DESKTOP-3R73L8V" name="fakeAPITestcases.Put_Request" tests="1" failures="0" timestamp="2020-11-09T08:11:21 IST" time="4.731" errors="0">
  <testcase name="postUser" time="4.731" classname="fakeAPITestcases.Put_Request"/>
  <system-out/>
</testsuite> <!-- fakeAPITestcases.Put_Request -->
