<?xml version="1.0" encoding="UTF-8"?>
<!-- Generated by org.testng.reporters.JUnitReportReporter -->
<testsuite skipped="0" hostname="DESKTOP-3R73L8V" name="fakeAPITestcases.Get_Request" tests="1" failures="0" timestamp="2020-11-09T07:51:20 IST" time="4.120" errors="0">
  <testcase name="getSingleUserData" time="4.120" classname="fakeAPITestcases.Get_Request"/>
  <system-out/>
</testsuite> <!-- fakeAPITestcases.Get_Request -->
