<?xml version="1.0" encoding="UTF-8"?>
<!-- Generated by org.testng.reporters.JUnitReportReporter -->
<testsuite skipped="0" hostname="DESKTOP-3R73L8V" name="responsevalidations.JSONValidations" tests="1" failures="0" timestamp="2020-11-11T07:17:02 IST" time="7.725" errors="0">
  <testcase name="passingParmeters" time="7.725" classname="responsevalidations.JSONValidations"/>
  <system-out/>
</testsuite> <!-- responsevalidations.JSONValidations -->
