<?xml version="1.0" encoding="UTF-8"?>
<!-- Generated by org.testng.reporters.JUnitReportReporter -->
<testsuite skipped="0" hostname="DESKTOP-3R73L8V" name="videogameapi.VideoGameAPITests" tests="5" failures="0" timestamp="2020-11-13T07:46:00 IST" time="4.747" errors="0">
  <testcase name="test_getAllVideoGames" time="2.954" classname="videogameapi.VideoGameAPITests"/>
  <system-out/>
  <testcase name="test_addNewVideoGame" time="0.618" classname="videogameapi.VideoGameAPITests"/>
  <system-out/>
  <testcase name="test_getVideoGame" time="1.021" classname="videogameapi.VideoGameAPITests"/>
  <system-out/>
  <testcase name="test_updateVideoGame" time="0.096" classname="videogameapi.VideoGameAPITests"/>
  <system-out/>
  <testcase name="test_deleteVideoGame" time="0.058" classname="videogameapi.VideoGameAPITests"/>
  <system-out/>
</testsuite> <!-- videogameapi.VideoGameAPITests -->
