<?xml version="1.0" encoding="UTF-8"?>
<!-- Generated by org.testng.reporters.JUnitReportReporter -->
<testsuite skipped="0" hostname="DESKTOP-3R73L8V" name="files.FileUploadandDownload" tests="3" failures="0" timestamp="2020-11-16T07:19:08 IST" time="4.391" errors="0">
  <testcase name="testSingleFileUpload" time="3.806" classname="files.FileUploadandDownload"/>
  <system-out/>
  <testcase name="testMultipleFilesUpload" time="0.538" classname="files.FileUploadandDownload"/>
  <system-out/>
  <testcase name="testFileDownload" time="0.047" classname="files.FileUploadandDownload"/>
  <system-out/>
</testsuite> <!-- files.FileUploadandDownload -->
