<?xml version="1.0" encoding="UTF-8"?>
<!-- Generated by org.testng.reporters.JUnitReportReporter -->
<testsuite skipped="0" hostname="DESKTOP-3R73L8V" name="fakeAPITestcases.Delete_Request" tests="1" failures="0" timestamp="17 Nov 2020 01:48:41 GMT" time="0.087" errors="0">
  <testcase name="getSingleUserData" time="0.087" classname="fakeAPITestcases.Delete_Request"/>
</testsuite> <!-- fakeAPITestcases.Delete_Request -->
