<?xml version="1.0" encoding="UTF-8"?>
<!-- Generated by org.testng.reporters.JUnitReportReporter -->
<testsuite skipped="0" hostname="DESKTOP-3R73L8V" name="headersandcookies.ValidateCookies" tests="1" failures="0" timestamp="17 Nov 2020 01:48:41 GMT" time="0.137" errors="0">
  <testcase name="testCookies" time="0.137" classname="headersandcookies.ValidateCookies"/>
</testsuite> <!-- headersandcookies.ValidateCookies -->
