<?xml version="1.0" encoding="UTF-8"?>
<!-- Generated by org.testng.reporters.JUnitReportReporter -->
<testsuite skipped="0" hostname="DESKTOP-3R73L8V" name="fakeAPITestcases.Post_Request" tests="1" failures="0" timestamp="17 Nov 2020 01:48:41 GMT" time="0.659" errors="0">
  <testcase name="postUser" time="0.659" classname="fakeAPITestcases.Post_Request"/>
</testsuite> <!-- fakeAPITestcases.Post_Request -->
